<?xml version="1.0" encoding="UTF-8"?>
<testsuite name="com.tryworkout.backend.unit.domain.member.service.MemberServiceV1Test" tests="1" skipped="0" failures="0" errors="0" timestamp="2024-01-09T05:59:09" hostname="osihun-ui-noteubug.local" time="0.024">
  <properties/>
  <testcase name="creatMemberTest()" classname="com.tryworkout.backend.unit.domain.member.service.MemberServiceV1Test" time="0.024"/>
  <system-out><![CDATA[14:59:05.210 [Test worker] DEBUG org.springframework.test.context.BootstrapUtils - Instantiating CacheAwareContextLoaderDelegate from class [org.springframework.test.context.cache.DefaultCacheAwareContextLoaderDelegate]
14:59:05.214 [Test worker] DEBUG org.springframework.test.context.BootstrapUtils - Instantiating BootstrapContext using constructor [public org.springframework.test.context.support.DefaultBootstrapContext(java.lang.Class,org.springframework.test.context.CacheAwareContextLoaderDelegate)]
14:59:05.229 [Test worker] DEBUG org.springframework.test.context.BootstrapUtils - Instantiating TestContextBootstrapper for test class [com.tryworkout.backend.unit.domain.member.service.MemberServiceV1Test] from class [org.springframework.boot.test.context.SpringBootTestContextBootstrapper]
14:59:05.234 [Test worker] INFO org.springframework.boot.test.context.SpringBootTestContextBootstrapper - Neither @ContextConfiguration nor @ContextHierarchy found for test class [com.tryworkout.backend.unit.domain.member.service.MemberServiceV1Test], using SpringBootContextLoader
14:59:05.237 [Test worker] DEBUG org.springframework.test.context.support.AbstractContextLoader - Did not detect default resource location for test class [com.tryworkout.backend.unit.domain.member.service.MemberServiceV1Test]: class path resource [com/tryworkout/backend/unit/domain/member/service/MemberServiceV1Test-context.xml] does not exist
14:59:05.237 [Test worker] DEBUG org.springframework.test.context.support.AbstractContextLoader - Did not detect default resource location for test class [com.tryworkout.backend.unit.domain.member.service.MemberServiceV1Test]: class path resource [com/tryworkout/backend/unit/domain/member/service/MemberServiceV1TestContext.groovy] does not exist
14:59:05.237 [Test worker] INFO org.springframework.test.context.support.AbstractContextLoader - Could not detect default resource locations for test class [com.tryworkout.backend.unit.domain.member.service.MemberServiceV1Test]: no resource found for suffixes {-context.xml, Context.groovy}.
14:59:05.237 [Test worker] INFO org.springframework.test.context.support.AnnotationConfigContextLoaderUtils - Could not detect default configuration classes for test class [com.tryworkout.backend.unit.domain.member.service.MemberServiceV1Test]: MemberServiceV1Test does not declare any static, non-private, non-final, nested classes annotated with @Configuration.
14:59:05.257 [Test worker] DEBUG org.springframework.test.context.support.ActiveProfilesUtils - Could not find an 'annotation declaring class' for annotation type [org.springframework.test.context.ActiveProfiles] and class [com.tryworkout.backend.unit.domain.member.service.MemberServiceV1Test]
14:59:05.287 [Test worker] DEBUG org.springframework.context.annotation.ClassPathScanningCandidateComponentProvider - Identified candidate component class: file [/Users/sihun/dev/project/tryworkout/tryworkout-back/build/classes/java/main/com/tryworkout/backend/BackendApplication.class]
14:59:05.288 [Test worker] INFO org.springframework.boot.test.context.SpringBootTestContextBootstrapper - Found @SpringBootConfiguration com.tryworkout.backend.BackendApplication for test class com.tryworkout.backend.unit.domain.member.service.MemberServiceV1Test
14:59:05.322 [Test worker] DEBUG org.springframework.boot.test.context.SpringBootTestContextBootstrapper - @TestExecutionListeners is not present for class [com.tryworkout.backend.unit.domain.member.service.MemberServiceV1Test]: using defaults.
14:59:05.323 [Test worker] INFO org.springframework.boot.test.context.SpringBootTestContextBootstrapper - Loaded default TestExecutionListener class names from location [META-INF/spring.factories]: [org.springframework.security.test.context.support.WithSecurityContextTestExecutionListener, org.springframework.security.test.context.support.ReactorContextTestExecutionListener, org.springframework.boot.test.autoconfigure.restdocs.RestDocsTestExecutionListener, org.springframework.boot.test.autoconfigure.web.client.MockRestServiceServerResetTestExecutionListener, org.springframework.boot.test.autoconfigure.web.servlet.MockMvcPrintOnlyOnFailureTestExecutionListener, org.springframework.boot.test.autoconfigure.web.servlet.WebDriverTestExecutionListener, org.springframework.boot.test.autoconfigure.webservices.client.MockWebServiceServerTestExecutionListener, org.springframework.boot.test.mock.mockito.MockitoTestExecutionListener, org.springframework.boot.test.mock.mockito.ResetMocksTestExecutionListener, org.springframework.test.context.web.ServletTestExecutionListener, org.springframework.test.context.support.DirtiesContextBeforeModesTestExecutionListener, org.springframework.test.context.event.ApplicationEventsTestExecutionListener, org.springframework.test.context.support.DependencyInjectionTestExecutionListener, org.springframework.test.context.support.DirtiesContextTestExecutionListener, org.springframework.test.context.transaction.TransactionalTestExecutionListener, org.springframework.test.context.jdbc.SqlScriptsTestExecutionListener, org.springframework.test.context.event.EventPublishingTestExecutionListener]
14:59:05.331 [Test worker] INFO org.springframework.boot.test.context.SpringBootTestContextBootstrapper - Using TestExecutionListeners: [org.springframework.test.context.web.ServletTestExecutionListener@7e242b4d, org.springframework.test.context.support.DirtiesContextBeforeModesTestExecutionListener@305f031, org.springframework.test.context.event.ApplicationEventsTestExecutionListener@592e843a, org.springframework.boot.test.mock.mockito.MockitoTestExecutionListener@1d1f7216, org.springframework.boot.test.autoconfigure.SpringBootDependencyInjectionTestExecutionListener@423e4cbb, org.springframework.test.context.support.DirtiesContextTestExecutionListener@6e16b8b5, org.springframework.test.context.transaction.TransactionalTestExecutionListener@43b4fe19, org.springframework.test.context.jdbc.SqlScriptsTestExecutionListener@25ddbbbb, org.springframework.security.test.context.support.WithSecurityContextTestExecutionListener@1536602f, org.springframework.test.context.event.EventPublishingTestExecutionListener@4ebea12c, org.springframework.security.test.context.support.ReactorContextTestExecutionListener@2a1edad4, org.springframework.boot.test.autoconfigure.restdocs.RestDocsTestExecutionListener@6256ac4f, org.springframework.boot.test.autoconfigure.web.client.MockRestServiceServerResetTestExecutionListener@44c79f32, org.springframework.boot.test.autoconfigure.web.servlet.MockMvcPrintOnlyOnFailureTestExecutionListener@7fcbe147, org.springframework.boot.test.autoconfigure.web.servlet.WebDriverTestExecutionListener@235f4c10, org.springframework.boot.test.autoconfigure.webservices.client.MockWebServiceServerTestExecutionListener@743cb8e0, org.springframework.boot.test.mock.mockito.ResetMocksTestExecutionListener@c7a975a]
14:59:05.332 [Test worker] DEBUG org.springframework.test.context.support.AbstractDirtiesContextTestExecutionListener - Before test class: context [DefaultTestContext@119f1f2a testClass = MemberServiceV1Test, testInstance = [null], testMethod = [null], testException = [null], mergedContextConfiguration = [WebMergedContextConfiguration@1a1da881 testClass = MemberServiceV1Test, locations = '{}', classes = '{class com.tryworkout.backend.BackendApplication}', contextInitializerClasses = '[]', activeProfiles = '{}', propertySourceLocations = '{}', propertySourceProperties = '{org.springframework.boot.test.context.SpringBootTestContextBootstrapper=true}', contextCustomizers = set[org.springframework.boot.test.autoconfigure.actuate.metrics.MetricsExportContextCustomizerFactory$DisableMetricExportContextCustomizer@41709512, org.springframework.boot.test.autoconfigure.properties.PropertyMappingContextCustomizer@0, org.springframework.boot.test.autoconfigure.web.servlet.WebDriverContextCustomizerFactory$Customizer@6155d082, org.springframework.boot.test.context.filter.ExcludeFilterContextCustomizer@2dcd168a, org.springframework.boot.test.json.DuplicateJsonObjectContextCustomizerFactory$DuplicateJsonObjectContextCustomizer@531f4093, org.springframework.boot.test.mock.mockito.MockitoContextCustomizer@0, org.springframework.boot.test.web.client.TestRestTemplateContextCustomizer@3568f9d2, org.springframework.boot.test.context.SpringBootTestArgs@1, org.springframework.boot.test.context.SpringBootTestWebEnvironment@49dc7102], resourceBasePath = 'src/main/webapp', contextLoader = 'org.springframework.boot.test.context.SpringBootContextLoader', parent = [null]], attributes = map['org.springframework.test.context.web.ServletTestExecutionListener.activateListener' -> true]], class annotated with @DirtiesContext [false] with mode [null].

  .   ____          _            __ _ _
 /\\ / ___'_ __ _ _(_)_ __  __ _ \ \ \ \
( ( )\___ | '_ | '_| | '_ \/ _` | \ \ \ \
 \\/  ___)| |_)| | | | | || (_| |  ) ) ) )
  '  |____| .__|_| |_|_| |_\__, | / / / /
 =========|_|==============|___/=/_/_/_/
 :: Spring Boot ::               (v2.7.12)

2024-01-09 14:59:05.518  INFO 10797 --- [    Test worker] c.t.b.u.d.m.service.MemberServiceV1Test  : Starting MemberServiceV1Test using Java 17.0.8.1 on osihun-ui-noteubug.local with PID 10797 (started by sihun in /Users/sihun/dev/project/tryworkout/tryworkout-back)
2024-01-09 14:59:05.519  INFO 10797 --- [    Test worker] c.t.b.u.d.m.service.MemberServiceV1Test  : The following 1 profile is active: "dev"
2024-01-09 14:59:05.950  INFO 10797 --- [    Test worker] .s.d.r.c.RepositoryConfigurationDelegate : Multiple Spring Data modules found, entering strict repository configuration mode
2024-01-09 14:59:05.951  INFO 10797 --- [    Test worker] .s.d.r.c.RepositoryConfigurationDelegate : Bootstrapping Spring Data JPA repositories in DEFAULT mode.
2024-01-09 14:59:06.025  INFO 10797 --- [    Test worker] .RepositoryConfigurationExtensionSupport : Spring Data JPA - Could not safely identify store assignment for repository candidate interface com.tryworkout.backend.redis.RefreshTokenRepository; If you want this repository to be a JPA repository, consider annotating your entities with one of these annotations: javax.persistence.Entity, javax.persistence.MappedSuperclass (preferred), or consider extending one of the following types with your repository: org.springframework.data.jpa.repository.JpaRepository
2024-01-09 14:59:06.034  INFO 10797 --- [    Test worker] .s.d.r.c.RepositoryConfigurationDelegate : Finished Spring Data repository scanning in 79 ms. Found 8 JPA repository interfaces.
2024-01-09 14:59:06.041  INFO 10797 --- [    Test worker] .s.d.r.c.RepositoryConfigurationDelegate : Multiple Spring Data modules found, entering strict repository configuration mode
2024-01-09 14:59:06.041  INFO 10797 --- [    Test worker] .s.d.r.c.RepositoryConfigurationDelegate : Bootstrapping Spring Data Redis repositories in DEFAULT mode.
2024-01-09 14:59:06.052  INFO 10797 --- [    Test worker] .RepositoryConfigurationExtensionSupport : Spring Data Redis - Could not safely identify store assignment for repository candidate interface com.tryworkout.backend.domain.fee.repository.FeeJpaRepository; If you want this repository to be a Redis repository, consider annotating your entities with one of these annotations: org.springframework.data.redis.core.RedisHash (preferred), or consider extending one of the following types with your repository: org.springframework.data.keyvalue.repository.KeyValueRepository
2024-01-09 14:59:06.052  INFO 10797 --- [    Test worker] .RepositoryConfigurationExtensionSupport : Spring Data Redis - Could not safely identify store assignment for repository candidate interface com.tryworkout.backend.domain.filestorage.repository.QualificationJpaRepository; If you want this repository to be a Redis repository, consider annotating your entities with one of these annotations: org.springframework.data.redis.core.RedisHash (preferred), or consider extending one of the following types with your repository: org.springframework.data.keyvalue.repository.KeyValueRepository
2024-01-09 14:59:06.052  INFO 10797 --- [    Test worker] .RepositoryConfigurationExtensionSupport : Spring Data Redis - Could not safely identify store assignment for repository candidate interface com.tryworkout.backend.domain.filestorage.repository.TrainerImageJpaRepository; If you want this repository to be a Redis repository, consider annotating your entities with one of these annotations: org.springframework.data.redis.core.RedisHash (preferred), or consider extending one of the following types with your repository: org.springframework.data.keyvalue.repository.KeyValueRepository
2024-01-09 14:59:06.052  INFO 10797 --- [    Test worker] .RepositoryConfigurationExtensionSupport : Spring Data Redis - Could not safely identify store assignment for repository candidate interface com.tryworkout.backend.domain.gym.repository.GymJpaRepository; If you want this repository to be a Redis repository, consider annotating your entities with one of these annotations: org.springframework.data.redis.core.RedisHash (preferred), or consider extending one of the following types with your repository: org.springframework.data.keyvalue.repository.KeyValueRepository
2024-01-09 14:59:06.053  INFO 10797 --- [    Test worker] .RepositoryConfigurationExtensionSupport : Spring Data Redis - Could not safely identify store assignment for repository candidate interface com.tryworkout.backend.domain.member.repository.MemberJpaRepository; If you want this repository to be a Redis repository, consider annotating your entities with one of these annotations: org.springframework.data.redis.core.RedisHash (preferred), or consider extending one of the following types with your repository: org.springframework.data.keyvalue.repository.KeyValueRepository
2024-01-09 14:59:06.053  INFO 10797 --- [    Test worker] .RepositoryConfigurationExtensionSupport : Spring Data Redis - Could not safely identify store assignment for repository candidate interface com.tryworkout.backend.domain.review.repository.ReviewJpaRepository; If you want this repository to be a Redis repository, consider annotating your entities with one of these annotations: org.springframework.data.redis.core.RedisHash (preferred), or consider extending one of the following types with your repository: org.springframework.data.keyvalue.repository.KeyValueRepository
2024-01-09 14:59:06.053  INFO 10797 --- [    Test worker] .RepositoryConfigurationExtensionSupport : Spring Data Redis - Could not safely identify store assignment for repository candidate interface com.tryworkout.backend.domain.trainer.repository.TrainerJpaRepository; If you want this repository to be a Redis repository, consider annotating your entities with one of these annotations: org.springframework.data.redis.core.RedisHash (preferred), or consider extending one of the following types with your repository: org.springframework.data.keyvalue.repository.KeyValueRepository
2024-01-09 14:59:06.054  INFO 10797 --- [    Test worker] .RepositoryConfigurationExtensionSupport : Spring Data Redis - Could not safely identify store assignment for repository candidate interface com.tryworkout.backend.domain.user.repository.UserJpaRepository; If you want this repository to be a Redis repository, consider annotating your entities with one of these annotations: org.springframework.data.redis.core.RedisHash (preferred), or consider extending one of the following types with your repository: org.springframework.data.keyvalue.repository.KeyValueRepository
2024-01-09 14:59:06.059  INFO 10797 --- [    Test worker] .s.d.r.c.RepositoryConfigurationDelegate : Finished Spring Data repository scanning in 13 ms. Found 1 Redis repository interfaces.
2024-01-09 14:59:06.417  INFO 10797 --- [    Test worker] o.hibernate.jpa.internal.util.LogHelper  : HHH000204: Processing PersistenceUnitInfo [name: default]
2024-01-09 14:59:06.441  INFO 10797 --- [    Test worker] org.hibernate.Version                    : HHH000412: Hibernate ORM core version 5.6.15.Final
2024-01-09 14:59:06.516  INFO 10797 --- [    Test worker] o.hibernate.annotations.common.Version   : HCANN000001: Hibernate Commons Annotations {5.1.2.Final}
2024-01-09 14:59:06.558  INFO 10797 --- [    Test worker] com.zaxxer.hikari.HikariDataSource       : HikariPool-1 - Starting...
2024-01-09 14:59:06.659  INFO 10797 --- [    Test worker] com.zaxxer.hikari.HikariDataSource       : HikariPool-1 - Start completed.
2024-01-09 14:59:06.667  INFO 10797 --- [    Test worker] org.hibernate.dialect.Dialect            : HHH000400: Using dialect: org.hibernate.dialect.MySQL5InnoDBDialect
2024-01-09 14:59:07.287  INFO 10797 --- [    Test worker] o.h.e.t.j.p.i.JtaPlatformInitiator       : HHH000490: Using JtaPlatform implementation: [org.hibernate.engine.transaction.jta.platform.internal.NoJtaPlatform]
2024-01-09 14:59:07.291  INFO 10797 --- [    Test worker] j.LocalContainerEntityManagerFactoryBean : Initialized JPA EntityManagerFactory for persistence unit 'default'
2024-01-09 14:59:07.966  INFO 10797 --- [    Test worker] c.t.backend.security.SecurityConfig      : SecurityConfiguration.CustomFilterConfigurer.configure excute
2024-01-09 14:59:07.967  INFO 10797 --- [    Test worker] o.s.s.web.DefaultSecurityFilterChain     : Will secure any request with [org.springframework.security.web.session.DisableEncodeUrlFilter@7b9b244e, org.springframework.security.web.context.request.async.WebAsyncManagerIntegrationFilter@996126b, org.springframework.security.web.context.SecurityContextPersistenceFilter@7127f04b, org.springframework.security.web.header.HeaderWriterFilter@727b3b0, org.springframework.web.filter.CorsFilter@6d2413e, org.springframework.security.web.authentication.logout.LogoutFilter@1cc5d8a9, com.tryworkout.backend.security.jwt.JwtAuthenticationFilter@6d4b09c7, com.tryworkout.backend.security.jwt.JwtVerificationFilter@4f50e974, org.springframework.security.web.savedrequest.RequestCacheAwareFilter@37351baa, org.springframework.security.web.servletapi.SecurityContextHolderAwareRequestFilter@ef1080d, org.springframework.security.web.authentication.AnonymousAuthenticationFilter@76ecbfbf, org.springframework.security.web.session.SessionManagementFilter@78907a46, org.springframework.security.web.access.ExceptionTranslationFilter@5c815478, org.springframework.security.web.access.intercept.AuthorizationFilter@9677f54]
2024-01-09 14:59:08.115  WARN 10797 --- [    Test worker] JpaBaseConfiguration$JpaWebConfiguration : spring.jpa.open-in-view is enabled by default. Therefore, database queries may be performed during view rendering. Explicitly configure spring.jpa.open-in-view to disable this warning
2024-01-09 14:59:08.919  INFO 10797 --- [    Test worker] c.t.b.u.d.m.service.MemberServiceV1Test  : Started MemberServiceV1Test in 3.568 seconds (JVM running for 4.065)
]]></system-out>
  <system-err><![CDATA[]]></system-err>
</testsuite>
