<?xml version="1.0" encoding="UTF-8"?>
<testsuite name="com.ptfinder.ptfinderback.domain.user.service.UserServiceImplV1Test" tests="2" skipped="0" failures="0" errors="0" timestamp="2023-11-30T10:43:43" hostname="osihun-ui-noteubug.local" time="0.259">
  <properties/>
  <testcase name="유저 생성 테스트" classname="com.ptfinder.ptfinderback.domain.user.service.UserServiceImplV1Test" time="0.233"/>
  <testcase name="유저 조회 테스트" classname="com.ptfinder.ptfinderback.domain.user.service.UserServiceImplV1Test" time="0.025"/>
  <system-out><![CDATA[19:43:40.492 [Test worker] DEBUG org.springframework.test.context.BootstrapUtils - Instantiating CacheAwareContextLoaderDelegate from class [org.springframework.test.context.cache.DefaultCacheAwareContextLoaderDelegate]
19:43:40.496 [Test worker] DEBUG org.springframework.test.context.BootstrapUtils - Instantiating BootstrapContext using constructor [public org.springframework.test.context.support.DefaultBootstrapContext(java.lang.Class,org.springframework.test.context.CacheAwareContextLoaderDelegate)]
19:43:40.510 [Test worker] DEBUG org.springframework.test.context.BootstrapUtils - Instantiating TestContextBootstrapper for test class [com.ptfinder.ptfinderback.domain.user.service.UserServiceImplV1Test] from class [org.springframework.boot.test.context.SpringBootTestContextBootstrapper]
19:43:40.514 [Test worker] INFO org.springframework.boot.test.context.SpringBootTestContextBootstrapper - Neither @ContextConfiguration nor @ContextHierarchy found for test class [com.ptfinder.ptfinderback.domain.user.service.UserServiceImplV1Test], using SpringBootContextLoader
19:43:40.515 [Test worker] DEBUG org.springframework.test.context.support.AbstractContextLoader - Did not detect default resource location for test class [com.ptfinder.ptfinderback.domain.user.service.UserServiceImplV1Test]: class path resource [com/ptfinder/ptfinderback/domain/user/service/UserServiceImplV1Test-context.xml] does not exist
19:43:40.515 [Test worker] DEBUG org.springframework.test.context.support.AbstractContextLoader - Did not detect default resource location for test class [com.ptfinder.ptfinderback.domain.user.service.UserServiceImplV1Test]: class path resource [com/ptfinder/ptfinderback/domain/user/service/UserServiceImplV1TestContext.groovy] does not exist
19:43:40.515 [Test worker] INFO org.springframework.test.context.support.AbstractContextLoader - Could not detect default resource locations for test class [com.ptfinder.ptfinderback.domain.user.service.UserServiceImplV1Test]: no resource found for suffixes {-context.xml, Context.groovy}.
19:43:40.516 [Test worker] INFO org.springframework.test.context.support.AnnotationConfigContextLoaderUtils - Could not detect default configuration classes for test class [com.ptfinder.ptfinderback.domain.user.service.UserServiceImplV1Test]: UserServiceImplV1Test does not declare any static, non-private, non-final, nested classes annotated with @Configuration.
19:43:40.532 [Test worker] DEBUG org.springframework.test.context.support.ActiveProfilesUtils - Could not find an 'annotation declaring class' for annotation type [org.springframework.test.context.ActiveProfiles] and class [com.ptfinder.ptfinderback.domain.user.service.UserServiceImplV1Test]
19:43:40.562 [Test worker] DEBUG org.springframework.context.annotation.ClassPathScanningCandidateComponentProvider - Identified candidate component class: file [/Users/sihun/dev/project/pt-finder/pt-finder-back/build/classes/java/main/com/ptfinder/ptfinderback/PtFinderBackApplication.class]
19:43:40.562 [Test worker] INFO org.springframework.boot.test.context.SpringBootTestContextBootstrapper - Found @SpringBootConfiguration com.ptfinder.ptfinderback.PtFinderBackApplication for test class com.ptfinder.ptfinderback.domain.user.service.UserServiceImplV1Test
19:43:40.593 [Test worker] DEBUG org.springframework.boot.test.context.SpringBootTestContextBootstrapper - @TestExecutionListeners is not present for class [com.ptfinder.ptfinderback.domain.user.service.UserServiceImplV1Test]: using defaults.
19:43:40.594 [Test worker] INFO org.springframework.boot.test.context.SpringBootTestContextBootstrapper - Loaded default TestExecutionListener class names from location [META-INF/spring.factories]: [org.springframework.security.test.context.support.WithSecurityContextTestExecutionListener, org.springframework.security.test.context.support.ReactorContextTestExecutionListener, org.springframework.boot.test.autoconfigure.restdocs.RestDocsTestExecutionListener, org.springframework.boot.test.autoconfigure.web.client.MockRestServiceServerResetTestExecutionListener, org.springframework.boot.test.autoconfigure.web.servlet.MockMvcPrintOnlyOnFailureTestExecutionListener, org.springframework.boot.test.autoconfigure.web.servlet.WebDriverTestExecutionListener, org.springframework.boot.test.autoconfigure.webservices.client.MockWebServiceServerTestExecutionListener, org.springframework.boot.test.mock.mockito.MockitoTestExecutionListener, org.springframework.boot.test.mock.mockito.ResetMocksTestExecutionListener, org.springframework.test.context.web.ServletTestExecutionListener, org.springframework.test.context.support.DirtiesContextBeforeModesTestExecutionListener, org.springframework.test.context.event.ApplicationEventsTestExecutionListener, org.springframework.test.context.support.DependencyInjectionTestExecutionListener, org.springframework.test.context.support.DirtiesContextTestExecutionListener, org.springframework.test.context.transaction.TransactionalTestExecutionListener, org.springframework.test.context.jdbc.SqlScriptsTestExecutionListener, org.springframework.test.context.event.EventPublishingTestExecutionListener]
19:43:40.600 [Test worker] INFO org.springframework.boot.test.context.SpringBootTestContextBootstrapper - Using TestExecutionListeners: [org.springframework.test.context.web.ServletTestExecutionListener@4648ce9, org.springframework.test.context.support.DirtiesContextBeforeModesTestExecutionListener@569bf9eb, org.springframework.test.context.event.ApplicationEventsTestExecutionListener@61526469, org.springframework.boot.test.mock.mockito.MockitoTestExecutionListener@274872f8, org.springframework.boot.test.autoconfigure.SpringBootDependencyInjectionTestExecutionListener@76ba13c, org.springframework.test.context.support.DirtiesContextTestExecutionListener@eb6449b, org.springframework.test.context.transaction.TransactionalTestExecutionListener@7c351808, org.springframework.test.context.jdbc.SqlScriptsTestExecutionListener@180e6ac4, org.springframework.security.test.context.support.WithSecurityContextTestExecutionListener@42b64ab8, org.springframework.test.context.event.EventPublishingTestExecutionListener@7e985ce9, org.springframework.security.test.context.support.ReactorContextTestExecutionListener@2a39fe6a, org.springframework.boot.test.autoconfigure.restdocs.RestDocsTestExecutionListener@410ae9a3, org.springframework.boot.test.autoconfigure.web.client.MockRestServiceServerResetTestExecutionListener@319988b0, org.springframework.boot.test.autoconfigure.web.servlet.MockMvcPrintOnlyOnFailureTestExecutionListener@d5ae57e, org.springframework.boot.test.autoconfigure.web.servlet.WebDriverTestExecutionListener@68759011, org.springframework.boot.test.autoconfigure.webservices.client.MockWebServiceServerTestExecutionListener@7e242b4d, org.springframework.boot.test.mock.mockito.ResetMocksTestExecutionListener@305f031]
19:43:40.601 [Test worker] DEBUG org.springframework.test.context.support.AbstractDirtiesContextTestExecutionListener - Before test class: context [DefaultTestContext@475835b1 testClass = UserServiceImplV1Test, testInstance = [null], testMethod = [null], testException = [null], mergedContextConfiguration = [WebMergedContextConfiguration@6326d182 testClass = UserServiceImplV1Test, locations = '{}', classes = '{class com.ptfinder.ptfinderback.PtFinderBackApplication}', contextInitializerClasses = '[]', activeProfiles = '{}', propertySourceLocations = '{}', propertySourceProperties = '{org.springframework.boot.test.context.SpringBootTestContextBootstrapper=true}', contextCustomizers = set[org.springframework.boot.test.autoconfigure.actuate.metrics.MetricsExportContextCustomizerFactory$DisableMetricExportContextCustomizer@12f9af83, org.springframework.boot.test.autoconfigure.properties.PropertyMappingContextCustomizer@0, org.springframework.boot.test.autoconfigure.web.servlet.WebDriverContextCustomizerFactory$Customizer@1b7c473a, org.springframework.boot.test.context.filter.ExcludeFilterContextCustomizer@535779e4, org.springframework.boot.test.json.DuplicateJsonObjectContextCustomizerFactory$DuplicateJsonObjectContextCustomizer@1f3f02ee, org.springframework.boot.test.mock.mockito.MockitoContextCustomizer@0, org.springframework.boot.test.web.client.TestRestTemplateContextCustomizer@79179359, org.springframework.boot.test.context.SpringBootTestArgs@1, org.springframework.boot.test.context.SpringBootTestWebEnvironment@5fd4f8f5], resourceBasePath = 'src/main/webapp', contextLoader = 'org.springframework.boot.test.context.SpringBootContextLoader', parent = [null]], attributes = map['org.springframework.test.context.web.ServletTestExecutionListener.activateListener' -> true]], class annotated with @DirtiesContext [false] with mode [null].

  .   ____          _            __ _ _
 /\\ / ___'_ __ _ _(_)_ __  __ _ \ \ \ \
( ( )\___ | '_ | '_| | '_ \/ _` | \ \ \ \
 \\/  ___)| |_)| | | | | || (_| |  ) ) ) )
  '  |____| .__|_| |_|_| |_\__, | / / / /
 =========|_|==============|___/=/_/_/_/
 :: Spring Boot ::               (v2.7.12)

2023-11-30 19:43:40.756  INFO 68486 --- [    Test worker] c.p.p.d.u.service.UserServiceImplV1Test  : Starting UserServiceImplV1Test using Java 17.0.8.1 on osihun-ui-noteubug.local with PID 68486 (started by sihun in /Users/sihun/dev/project/pt-finder/pt-finder-back)
2023-11-30 19:43:40.757  INFO 68486 --- [    Test worker] c.p.p.d.u.service.UserServiceImplV1Test  : The following 1 profile is active: "dev"
2023-11-30 19:43:41.097  INFO 68486 --- [    Test worker] .s.d.r.c.RepositoryConfigurationDelegate : Multiple Spring Data modules found, entering strict repository configuration mode
2023-11-30 19:43:41.097  INFO 68486 --- [    Test worker] .s.d.r.c.RepositoryConfigurationDelegate : Bootstrapping Spring Data JPA repositories in DEFAULT mode.
2023-11-30 19:43:41.158  INFO 68486 --- [    Test worker] .RepositoryConfigurationExtensionSupport : Spring Data JPA - Could not safely identify store assignment for repository candidate interface com.ptfinder.ptfinderback.redis.RefreshTokenRepository; If you want this repository to be a JPA repository, consider annotating your entities with one of these annotations: javax.persistence.Entity, javax.persistence.MappedSuperclass (preferred), or consider extending one of the following types with your repository: org.springframework.data.jpa.repository.JpaRepository
2023-11-30 19:43:41.165  INFO 68486 --- [    Test worker] .s.d.r.c.RepositoryConfigurationDelegate : Finished Spring Data repository scanning in 65 ms. Found 5 JPA repository interfaces.
2023-11-30 19:43:41.170  INFO 68486 --- [    Test worker] .s.d.r.c.RepositoryConfigurationDelegate : Multiple Spring Data modules found, entering strict repository configuration mode
2023-11-30 19:43:41.170  INFO 68486 --- [    Test worker] .s.d.r.c.RepositoryConfigurationDelegate : Bootstrapping Spring Data Redis repositories in DEFAULT mode.
2023-11-30 19:43:41.179  INFO 68486 --- [    Test worker] .RepositoryConfigurationExtensionSupport : Spring Data Redis - Could not safely identify store assignment for repository candidate interface com.ptfinder.ptfinderback.domain.fee.repository.FeeJpaRepository; If you want this repository to be a Redis repository, consider annotating your entities with one of these annotations: org.springframework.data.redis.core.RedisHash (preferred), or consider extending one of the following types with your repository: org.springframework.data.keyvalue.repository.KeyValueRepository
2023-11-30 19:43:41.179  INFO 68486 --- [    Test worker] .RepositoryConfigurationExtensionSupport : Spring Data Redis - Could not safely identify store assignment for repository candidate interface com.ptfinder.ptfinderback.domain.gym.repository.GymJpaRepository; If you want this repository to be a Redis repository, consider annotating your entities with one of these annotations: org.springframework.data.redis.core.RedisHash (preferred), or consider extending one of the following types with your repository: org.springframework.data.keyvalue.repository.KeyValueRepository
2023-11-30 19:43:41.180  INFO 68486 --- [    Test worker] .RepositoryConfigurationExtensionSupport : Spring Data Redis - Could not safely identify store assignment for repository candidate interface com.ptfinder.ptfinderback.domain.review.repository.ReviewJpaRepository; If you want this repository to be a Redis repository, consider annotating your entities with one of these annotations: org.springframework.data.redis.core.RedisHash (preferred), or consider extending one of the following types with your repository: org.springframework.data.keyvalue.repository.KeyValueRepository
2023-11-30 19:43:41.180  INFO 68486 --- [    Test worker] .RepositoryConfigurationExtensionSupport : Spring Data Redis - Could not safely identify store assignment for repository candidate interface com.ptfinder.ptfinderback.domain.trainer.repository.TrainerJpaRepository; If you want this repository to be a Redis repository, consider annotating your entities with one of these annotations: org.springframework.data.redis.core.RedisHash (preferred), or consider extending one of the following types with your repository: org.springframework.data.keyvalue.repository.KeyValueRepository
2023-11-30 19:43:41.180  INFO 68486 --- [    Test worker] .RepositoryConfigurationExtensionSupport : Spring Data Redis - Could not safely identify store assignment for repository candidate interface com.ptfinder.ptfinderback.domain.user.repository.UserJpaRepository; If you want this repository to be a Redis repository, consider annotating your entities with one of these annotations: org.springframework.data.redis.core.RedisHash (preferred), or consider extending one of the following types with your repository: org.springframework.data.keyvalue.repository.KeyValueRepository
2023-11-30 19:43:41.184  INFO 68486 --- [    Test worker] .s.d.r.c.RepositoryConfigurationDelegate : Finished Spring Data repository scanning in 9 ms. Found 1 Redis repository interfaces.
2023-11-30 19:43:41.452  INFO 68486 --- [    Test worker] o.hibernate.jpa.internal.util.LogHelper  : HHH000204: Processing PersistenceUnitInfo [name: default]
2023-11-30 19:43:41.470  INFO 68486 --- [    Test worker] org.hibernate.Version                    : HHH000412: Hibernate ORM core version 5.6.15.Final
2023-11-30 19:43:41.540  INFO 68486 --- [    Test worker] o.hibernate.annotations.common.Version   : HCANN000001: Hibernate Commons Annotations {5.1.2.Final}
2023-11-30 19:43:41.577  INFO 68486 --- [    Test worker] com.zaxxer.hikari.HikariDataSource       : HikariPool-1 - Starting...
2023-11-30 19:43:41.658  INFO 68486 --- [    Test worker] com.zaxxer.hikari.HikariDataSource       : HikariPool-1 - Start completed.
2023-11-30 19:43:41.664  INFO 68486 --- [    Test worker] org.hibernate.dialect.Dialect            : HHH000400: Using dialect: org.hibernate.dialect.MySQL5InnoDBDialect
2023-11-30 19:43:42.011  INFO 68486 --- [    Test worker] o.h.e.t.j.p.i.JtaPlatformInitiator       : HHH000490: Using JtaPlatform implementation: [org.hibernate.engine.transaction.jta.platform.internal.NoJtaPlatform]
2023-11-30 19:43:42.016  INFO 68486 --- [    Test worker] j.LocalContainerEntityManagerFactoryBean : Initialized JPA EntityManagerFactory for persistence unit 'default'
2023-11-30 19:43:42.537  INFO 68486 --- [    Test worker] c.p.p.security.SecurityConfig            : SecurityConfiguration.CustomFilterConfigurer.configure excute
2023-11-30 19:43:42.538  INFO 68486 --- [    Test worker] o.s.s.web.DefaultSecurityFilterChain     : Will secure any request with [org.springframework.security.web.session.DisableEncodeUrlFilter@3f9ee527, org.springframework.security.web.context.request.async.WebAsyncManagerIntegrationFilter@2a41d17a, org.springframework.security.web.context.SecurityContextPersistenceFilter@4b8ba6b7, org.springframework.security.web.header.HeaderWriterFilter@1ecbb787, org.springframework.web.filter.CorsFilter@58a5b69c, org.springframework.security.web.authentication.logout.LogoutFilter@37806ccb, com.ptfinder.ptfinderback.security.jwt.JwtAuthenticationFilter@3b22bcad, com.ptfinder.ptfinderback.security.jwt.JwtVerificationFilter@735dc133, org.springframework.security.web.savedrequest.RequestCacheAwareFilter@6bca6c4c, org.springframework.security.web.servletapi.SecurityContextHolderAwareRequestFilter@73543048, org.springframework.security.web.authentication.AnonymousAuthenticationFilter@57330423, org.springframework.security.web.session.SessionManagementFilter@4f09d998, org.springframework.security.web.access.ExceptionTranslationFilter@381f05a9, org.springframework.security.web.access.intercept.AuthorizationFilter@5dd5422f]
2023-11-30 19:43:42.679  WARN 68486 --- [    Test worker] JpaBaseConfiguration$JpaWebConfiguration : spring.jpa.open-in-view is enabled by default. Therefore, database queries may be performed during view rendering. Explicitly configure spring.jpa.open-in-view to disable this warning
2023-11-30 19:43:43.472  INFO 68486 --- [    Test worker] c.p.p.d.u.service.UserServiceImplV1Test  : Started UserServiceImplV1Test in 2.856 seconds (JVM running for 3.316)
2023-11-30 19:43:43.489  INFO 68486 --- [    Test worker] o.s.t.c.transaction.TransactionContext   : Began transaction (1) for test context [DefaultTestContext@475835b1 testClass = UserServiceImplV1Test, testInstance = com.ptfinder.ptfinderback.domain.user.service.UserServiceImplV1Test@7b88dd58, testMethod = createUserTest@UserServiceImplV1Test, testException = [null], mergedContextConfiguration = [WebMergedContextConfiguration@6326d182 testClass = UserServiceImplV1Test, locations = '{}', classes = '{class com.ptfinder.ptfinderback.PtFinderBackApplication}', contextInitializerClasses = '[]', activeProfiles = '{}', propertySourceLocations = '{}', propertySourceProperties = '{org.springframework.boot.test.context.SpringBootTestContextBootstrapper=true}', contextCustomizers = set[org.springframework.boot.test.autoconfigure.actuate.metrics.MetricsExportContextCustomizerFactory$DisableMetricExportContextCustomizer@12f9af83, org.springframework.boot.test.autoconfigure.properties.PropertyMappingContextCustomizer@0, org.springframework.boot.test.autoconfigure.web.servlet.WebDriverContextCustomizerFactory$Customizer@1b7c473a, org.springframework.boot.test.context.filter.ExcludeFilterContextCustomizer@535779e4, org.springframework.boot.test.json.DuplicateJsonObjectContextCustomizerFactory$DuplicateJsonObjectContextCustomizer@1f3f02ee, org.springframework.boot.test.mock.mockito.MockitoContextCustomizer@0, org.springframework.boot.test.web.client.TestRestTemplateContextCustomizer@79179359, org.springframework.boot.test.context.SpringBootTestArgs@1, org.springframework.boot.test.context.SpringBootTestWebEnvironment@5fd4f8f5], resourceBasePath = 'src/main/webapp', contextLoader = 'org.springframework.boot.test.context.SpringBootContextLoader', parent = [null]], attributes = map['org.springframework.test.context.web.ServletTestExecutionListener.activateListener' -> true, 'org.springframework.test.context.web.ServletTestExecutionListener.populatedRequestContextHolder' -> true, 'org.springframework.test.context.web.ServletTestExecutionListener.resetRequestContextHolder' -> true, 'org.springframework.test.context.event.ApplicationEventsTestExecutionListener.recordApplicationEvents' -> false]]; transaction manager [org.springframework.orm.jpa.JpaTransactionManager@109941fa]; rollback [true]
2023-11-30 19:43:43.613 DEBUG 68486 --- [    Test worker] org.hibernate.SQL                        : 
    select
        userentity0_.user_id as user_id1_6_,
        userentity0_.access_token as access_t2_6_,
        userentity0_.account_type as account_3_6_,
        userentity0_.created_at as created_4_6_,
        userentity0_.email as email5_6_,
        userentity0_.password as password6_6_,
        userentity0_.refresh_token as refresh_7_6_,
        userentity0_.updated_at as updated_8_6_,
        userentity0_.role as role9_6_,
        userentity0_.username as usernam10_6_ 
    from
        user userentity0_ 
    where
        userentity0_.email=?
2023-11-30 19:43:43.624 DEBUG 68486 --- [    Test worker] org.hibernate.SQL                        : 
    select
        trainer0_.trainer_id as trainer_1_4_0_,
        trainer0_.created_at as created_2_4_0_,
        trainer0_.gym_id as gym_id5_4_0_,
        trainer0_.introduction as introduc3_4_0_,
        trainer0_.updated_at as updated_4_4_0_,
        trainer0_.user_id as user_id6_4_0_ 
    from
        trainer trainer0_ 
    where
        trainer0_.user_id=?
2023-11-30 19:43:43.661 DEBUG 68486 --- [    Test worker] org.hibernate.SQL                        : 
    insert 
    into
        user
        (access_token, account_type, created_at, email, password, refresh_token, updated_at, role, username) 
    values
        (?, ?, ?, ?, ?, ?, ?, ?, ?)
2023-11-30 19:43:43.676  INFO 68486 --- [    Test worker] c.p.p.d.user.service.UserServiceImplV1   : create User = UserDto(id=5, username=테스트 용, email=test@test.com, password=123456, userRole=MEMBER, accountType=NORMAL)
2023-11-30 19:43:43.713  INFO 68486 --- [    Test worker] o.s.t.c.transaction.TransactionContext   : Rolled back transaction for test: [DefaultTestContext@475835b1 testClass = UserServiceImplV1Test, testInstance = com.ptfinder.ptfinderback.domain.user.service.UserServiceImplV1Test@7b88dd58, testMethod = createUserTest@UserServiceImplV1Test, testException = [null], mergedContextConfiguration = [WebMergedContextConfiguration@6326d182 testClass = UserServiceImplV1Test, locations = '{}', classes = '{class com.ptfinder.ptfinderback.PtFinderBackApplication}', contextInitializerClasses = '[]', activeProfiles = '{}', propertySourceLocations = '{}', propertySourceProperties = '{org.springframework.boot.test.context.SpringBootTestContextBootstrapper=true}', contextCustomizers = set[org.springframework.boot.test.autoconfigure.actuate.metrics.MetricsExportContextCustomizerFactory$DisableMetricExportContextCustomizer@12f9af83, org.springframework.boot.test.autoconfigure.properties.PropertyMappingContextCustomizer@0, org.springframework.boot.test.autoconfigure.web.servlet.WebDriverContextCustomizerFactory$Customizer@1b7c473a, org.springframework.boot.test.context.filter.ExcludeFilterContextCustomizer@535779e4, org.springframework.boot.test.json.DuplicateJsonObjectContextCustomizerFactory$DuplicateJsonObjectContextCustomizer@1f3f02ee, org.springframework.boot.test.mock.mockito.MockitoContextCustomizer@0, org.springframework.boot.test.web.client.TestRestTemplateContextCustomizer@79179359, org.springframework.boot.test.context.SpringBootTestArgs@1, org.springframework.boot.test.context.SpringBootTestWebEnvironment@5fd4f8f5], resourceBasePath = 'src/main/webapp', contextLoader = 'org.springframework.boot.test.context.SpringBootContextLoader', parent = [null]], attributes = map['org.springframework.test.context.web.ServletTestExecutionListener.activateListener' -> true, 'org.springframework.test.context.web.ServletTestExecutionListener.populatedRequestContextHolder' -> true, 'org.springframework.test.context.web.ServletTestExecutionListener.resetRequestContextHolder' -> true, 'org.springframework.test.context.event.ApplicationEventsTestExecutionListener.recordApplicationEvents' -> false]]
2023-11-30 19:43:43.719  INFO 68486 --- [    Test worker] o.s.t.c.transaction.TransactionContext   : Began transaction (1) for test context [DefaultTestContext@475835b1 testClass = UserServiceImplV1Test, testInstance = com.ptfinder.ptfinderback.domain.user.service.UserServiceImplV1Test@50588ef6, testMethod = getUserTest@UserServiceImplV1Test, testException = [null], mergedContextConfiguration = [WebMergedContextConfiguration@6326d182 testClass = UserServiceImplV1Test, locations = '{}', classes = '{class com.ptfinder.ptfinderback.PtFinderBackApplication}', contextInitializerClasses = '[]', activeProfiles = '{}', propertySourceLocations = '{}', propertySourceProperties = '{org.springframework.boot.test.context.SpringBootTestContextBootstrapper=true}', contextCustomizers = set[org.springframework.boot.test.autoconfigure.actuate.metrics.MetricsExportContextCustomizerFactory$DisableMetricExportContextCustomizer@12f9af83, org.springframework.boot.test.autoconfigure.properties.PropertyMappingContextCustomizer@0, org.springframework.boot.test.autoconfigure.web.servlet.WebDriverContextCustomizerFactory$Customizer@1b7c473a, org.springframework.boot.test.context.filter.ExcludeFilterContextCustomizer@535779e4, org.springframework.boot.test.json.DuplicateJsonObjectContextCustomizerFactory$DuplicateJsonObjectContextCustomizer@1f3f02ee, org.springframework.boot.test.mock.mockito.MockitoContextCustomizer@0, org.springframework.boot.test.web.client.TestRestTemplateContextCustomizer@79179359, org.springframework.boot.test.context.SpringBootTestArgs@1, org.springframework.boot.test.context.SpringBootTestWebEnvironment@5fd4f8f5], resourceBasePath = 'src/main/webapp', contextLoader = 'org.springframework.boot.test.context.SpringBootContextLoader', parent = [null]], attributes = map['org.springframework.test.context.web.ServletTestExecutionListener.activateListener' -> true, 'org.springframework.test.context.web.ServletTestExecutionListener.populatedRequestContextHolder' -> true, 'org.springframework.test.context.web.ServletTestExecutionListener.resetRequestContextHolder' -> true, 'org.springframework.test.context.event.ApplicationEventsTestExecutionListener.recordApplicationEvents' -> false]]; transaction manager [org.springframework.orm.jpa.JpaTransactionManager@109941fa]; rollback [true]
2023-11-30 19:43:43.721 DEBUG 68486 --- [    Test worker] org.hibernate.SQL                        : 
    select
        userentity0_.user_id as user_id1_6_,
        userentity0_.access_token as access_t2_6_,
        userentity0_.account_type as account_3_6_,
        userentity0_.created_at as created_4_6_,
        userentity0_.email as email5_6_,
        userentity0_.password as password6_6_,
        userentity0_.refresh_token as refresh_7_6_,
        userentity0_.updated_at as updated_8_6_,
        userentity0_.role as role9_6_,
        userentity0_.username as usernam10_6_ 
    from
        user userentity0_ 
    where
        userentity0_.email=?
2023-11-30 19:43:43.725 DEBUG 68486 --- [    Test worker] org.hibernate.SQL                        : 
    select
        trainer0_.trainer_id as trainer_1_4_0_,
        trainer0_.created_at as created_2_4_0_,
        trainer0_.gym_id as gym_id5_4_0_,
        trainer0_.introduction as introduc3_4_0_,
        trainer0_.updated_at as updated_4_4_0_,
        trainer0_.user_id as user_id6_4_0_ 
    from
        trainer trainer0_ 
    where
        trainer0_.user_id=?
2023-11-30 19:43:43.730 DEBUG 68486 --- [    Test worker] org.hibernate.SQL                        : 
    select
        userentity0_.user_id as user_id1_6_,
        userentity0_.access_token as access_t2_6_,
        userentity0_.account_type as account_3_6_,
        userentity0_.created_at as created_4_6_,
        userentity0_.email as email5_6_,
        userentity0_.password as password6_6_,
        userentity0_.refresh_token as refresh_7_6_,
        userentity0_.updated_at as updated_8_6_,
        userentity0_.role as role9_6_,
        userentity0_.username as usernam10_6_ 
    from
        user userentity0_ 
    where
        userentity0_.email=?
2023-11-30 19:43:43.737  INFO 68486 --- [    Test worker] c.p.p.d.user.service.UserServiceImplV1   : get User = UserDto(id=1, username=test member 1, email=test.member@domain.com, password=$2a$10$C5Esow853QrLU/bjQA/MGe8gkgDNzWuw7h2Z7d5TRPSnXOCfjQaUe, userRole=MEMBER, accountType=NORMAL)
2023-11-30 19:43:43.741  INFO 68486 --- [    Test worker] o.s.t.c.transaction.TransactionContext   : Rolled back transaction for test: [DefaultTestContext@475835b1 testClass = UserServiceImplV1Test, testInstance = com.ptfinder.ptfinderback.domain.user.service.UserServiceImplV1Test@50588ef6, testMethod = getUserTest@UserServiceImplV1Test, testException = [null], mergedContextConfiguration = [WebMergedContextConfiguration@6326d182 testClass = UserServiceImplV1Test, locations = '{}', classes = '{class com.ptfinder.ptfinderback.PtFinderBackApplication}', contextInitializerClasses = '[]', activeProfiles = '{}', propertySourceLocations = '{}', propertySourceProperties = '{org.springframework.boot.test.context.SpringBootTestContextBootstrapper=true}', contextCustomizers = set[org.springframework.boot.test.autoconfigure.actuate.metrics.MetricsExportContextCustomizerFactory$DisableMetricExportContextCustomizer@12f9af83, org.springframework.boot.test.autoconfigure.properties.PropertyMappingContextCustomizer@0, org.springframework.boot.test.autoconfigure.web.servlet.WebDriverContextCustomizerFactory$Customizer@1b7c473a, org.springframework.boot.test.context.filter.ExcludeFilterContextCustomizer@535779e4, org.springframework.boot.test.json.DuplicateJsonObjectContextCustomizerFactory$DuplicateJsonObjectContextCustomizer@1f3f02ee, org.springframework.boot.test.mock.mockito.MockitoContextCustomizer@0, org.springframework.boot.test.web.client.TestRestTemplateContextCustomizer@79179359, org.springframework.boot.test.context.SpringBootTestArgs@1, org.springframework.boot.test.context.SpringBootTestWebEnvironment@5fd4f8f5], resourceBasePath = 'src/main/webapp', contextLoader = 'org.springframework.boot.test.context.SpringBootContextLoader', parent = [null]], attributes = map['org.springframework.test.context.web.ServletTestExecutionListener.activateListener' -> true, 'org.springframework.test.context.web.ServletTestExecutionListener.populatedRequestContextHolder' -> true, 'org.springframework.test.context.web.ServletTestExecutionListener.resetRequestContextHolder' -> true, 'org.springframework.test.context.event.ApplicationEventsTestExecutionListener.recordApplicationEvents' -> false]]
]]></system-out>
  <system-err><![CDATA[]]></system-err>
</testsuite>
