<?xml version="1.0" encoding="UTF-8"?>
<testsuite name="com.tryworkout.backend.domain.naverapi.service.NaverSearchClientTest" tests="1" skipped="0" failures="0" errors="0" timestamp="2023-12-24T03:12:40" hostname="osihun-ui-noteubug.local" time="0.296">
  <properties/>
  <testcase name="searchLocalTest()" classname="com.tryworkout.backend.domain.naverapi.service.NaverSearchClientTest" time="0.296"/>
  <system-out><![CDATA[12:12:37.090 [Test worker] DEBUG org.springframework.test.context.BootstrapUtils - Instantiating CacheAwareContextLoaderDelegate from class [org.springframework.test.context.cache.DefaultCacheAwareContextLoaderDelegate]
12:12:37.094 [Test worker] DEBUG org.springframework.test.context.BootstrapUtils - Instantiating BootstrapContext using constructor [public org.springframework.test.context.support.DefaultBootstrapContext(java.lang.Class,org.springframework.test.context.CacheAwareContextLoaderDelegate)]
12:12:37.108 [Test worker] DEBUG org.springframework.test.context.BootstrapUtils - Instantiating TestContextBootstrapper for test class [com.tryworkout.backend.domain.naverapi.service.NaverSearchClientTest] from class [org.springframework.boot.test.context.SpringBootTestContextBootstrapper]
12:12:37.114 [Test worker] INFO org.springframework.boot.test.context.SpringBootTestContextBootstrapper - Neither @ContextConfiguration nor @ContextHierarchy found for test class [com.tryworkout.backend.domain.naverapi.service.NaverSearchClientTest], using SpringBootContextLoader
12:12:37.115 [Test worker] DEBUG org.springframework.test.context.support.AbstractContextLoader - Did not detect default resource location for test class [com.tryworkout.backend.domain.naverapi.service.NaverSearchClientTest]: class path resource [com/tryworkout/backend/domain/naverapi/service/NaverSearchClientTest-context.xml] does not exist
12:12:37.115 [Test worker] DEBUG org.springframework.test.context.support.AbstractContextLoader - Did not detect default resource location for test class [com.tryworkout.backend.domain.naverapi.service.NaverSearchClientTest]: class path resource [com/tryworkout/backend/domain/naverapi/service/NaverSearchClientTestContext.groovy] does not exist
12:12:37.116 [Test worker] INFO org.springframework.test.context.support.AbstractContextLoader - Could not detect default resource locations for test class [com.tryworkout.backend.domain.naverapi.service.NaverSearchClientTest]: no resource found for suffixes {-context.xml, Context.groovy}.
12:12:37.116 [Test worker] INFO org.springframework.test.context.support.AnnotationConfigContextLoaderUtils - Could not detect default configuration classes for test class [com.tryworkout.backend.domain.naverapi.service.NaverSearchClientTest]: NaverSearchClientTest does not declare any static, non-private, non-final, nested classes annotated with @Configuration.
12:12:37.135 [Test worker] DEBUG org.springframework.test.context.support.ActiveProfilesUtils - Could not find an 'annotation declaring class' for annotation type [org.springframework.test.context.ActiveProfiles] and class [com.tryworkout.backend.domain.naverapi.service.NaverSearchClientTest]
12:12:37.171 [Test worker] DEBUG org.springframework.context.annotation.ClassPathScanningCandidateComponentProvider - Identified candidate component class: file [/Users/sihun/dev/project/tryworkout/tryworkout-back/build/classes/java/main/com/tryworkout/backend/BackendApplication.class]
12:12:37.171 [Test worker] INFO org.springframework.boot.test.context.SpringBootTestContextBootstrapper - Found @SpringBootConfiguration com.tryworkout.backend.BackendApplication for test class com.tryworkout.backend.domain.naverapi.service.NaverSearchClientTest
12:12:37.205 [Test worker] DEBUG org.springframework.boot.test.context.SpringBootTestContextBootstrapper - @TestExecutionListeners is not present for class [com.tryworkout.backend.domain.naverapi.service.NaverSearchClientTest]: using defaults.
12:12:37.206 [Test worker] INFO org.springframework.boot.test.context.SpringBootTestContextBootstrapper - Loaded default TestExecutionListener class names from location [META-INF/spring.factories]: [org.springframework.security.test.context.support.WithSecurityContextTestExecutionListener, org.springframework.security.test.context.support.ReactorContextTestExecutionListener, org.springframework.boot.test.autoconfigure.restdocs.RestDocsTestExecutionListener, org.springframework.boot.test.autoconfigure.web.client.MockRestServiceServerResetTestExecutionListener, org.springframework.boot.test.autoconfigure.web.servlet.MockMvcPrintOnlyOnFailureTestExecutionListener, org.springframework.boot.test.autoconfigure.web.servlet.WebDriverTestExecutionListener, org.springframework.boot.test.autoconfigure.webservices.client.MockWebServiceServerTestExecutionListener, org.springframework.boot.test.mock.mockito.MockitoTestExecutionListener, org.springframework.boot.test.mock.mockito.ResetMocksTestExecutionListener, org.springframework.test.context.web.ServletTestExecutionListener, org.springframework.test.context.support.DirtiesContextBeforeModesTestExecutionListener, org.springframework.test.context.event.ApplicationEventsTestExecutionListener, org.springframework.test.context.support.DependencyInjectionTestExecutionListener, org.springframework.test.context.support.DirtiesContextTestExecutionListener, org.springframework.test.context.transaction.TransactionalTestExecutionListener, org.springframework.test.context.jdbc.SqlScriptsTestExecutionListener, org.springframework.test.context.event.EventPublishingTestExecutionListener]
12:12:37.213 [Test worker] INFO org.springframework.boot.test.context.SpringBootTestContextBootstrapper - Using TestExecutionListeners: [org.springframework.test.context.web.ServletTestExecutionListener@5049d8b2, org.springframework.test.context.support.DirtiesContextBeforeModesTestExecutionListener@6d0b5baf, org.springframework.test.context.event.ApplicationEventsTestExecutionListener@631e06ab, org.springframework.boot.test.mock.mockito.MockitoTestExecutionListener@2a3591c5, org.springframework.boot.test.autoconfigure.SpringBootDependencyInjectionTestExecutionListener@34a75079, org.springframework.test.context.support.DirtiesContextTestExecutionListener@346a361, org.springframework.test.context.transaction.TransactionalTestExecutionListener@107ed6fc, org.springframework.test.context.jdbc.SqlScriptsTestExecutionListener@1643d68f, org.springframework.security.test.context.support.WithSecurityContextTestExecutionListener@186978a6, org.springframework.test.context.event.EventPublishingTestExecutionListener@2e029d61, org.springframework.security.test.context.support.ReactorContextTestExecutionListener@482d776b, org.springframework.boot.test.autoconfigure.restdocs.RestDocsTestExecutionListener@4052274f, org.springframework.boot.test.autoconfigure.web.client.MockRestServiceServerResetTestExecutionListener@132ddbab, org.springframework.boot.test.autoconfigure.web.servlet.MockMvcPrintOnlyOnFailureTestExecutionListener@297ea53a, org.springframework.boot.test.autoconfigure.web.servlet.WebDriverTestExecutionListener@acb0951, org.springframework.boot.test.autoconfigure.webservices.client.MockWebServiceServerTestExecutionListener@5bf22f18, org.springframework.boot.test.mock.mockito.ResetMocksTestExecutionListener@267f474e]
12:12:37.215 [Test worker] DEBUG org.springframework.test.context.support.AbstractDirtiesContextTestExecutionListener - Before test class: context [DefaultTestContext@4648ce9 testClass = NaverSearchClientTest, testInstance = [null], testMethod = [null], testException = [null], mergedContextConfiguration = [WebMergedContextConfiguration@569bf9eb testClass = NaverSearchClientTest, locations = '{}', classes = '{class com.tryworkout.backend.BackendApplication}', contextInitializerClasses = '[]', activeProfiles = '{}', propertySourceLocations = '{}', propertySourceProperties = '{org.springframework.boot.test.context.SpringBootTestContextBootstrapper=true}', contextCustomizers = set[org.springframework.boot.test.autoconfigure.actuate.metrics.MetricsExportContextCustomizerFactory$DisableMetricExportContextCustomizer@13330ac6, org.springframework.boot.test.autoconfigure.properties.PropertyMappingContextCustomizer@0, org.springframework.boot.test.autoconfigure.web.servlet.WebDriverContextCustomizerFactory$Customizer@1c481ff2, org.springframework.boot.test.context.filter.ExcludeFilterContextCustomizer@335b5620, org.springframework.boot.test.json.DuplicateJsonObjectContextCustomizerFactory$DuplicateJsonObjectContextCustomizer@3c9c0d96, org.springframework.boot.test.mock.mockito.MockitoContextCustomizer@0, org.springframework.boot.test.web.client.TestRestTemplateContextCustomizer@7d1cfb8b, org.springframework.boot.test.context.SpringBootTestArgs@1, org.springframework.boot.test.context.SpringBootTestWebEnvironment@77eca502], resourceBasePath = 'src/main/webapp', contextLoader = 'org.springframework.boot.test.context.SpringBootContextLoader', parent = [null]], attributes = map['org.springframework.test.context.web.ServletTestExecutionListener.activateListener' -> true]], class annotated with @DirtiesContext [false] with mode [null].

  .   ____          _            __ _ _
 /\\ / ___'_ __ _ _(_)_ __  __ _ \ \ \ \
( ( )\___ | '_ | '_| | '_ \/ _` | \ \ \ \
 \\/  ___)| |_)| | | | | || (_| |  ) ) ) )
  '  |____| .__|_| |_|_| |_\__, | / / / /
 =========|_|==============|___/=/_/_/_/
 :: Spring Boot ::               (v2.7.12)

2023-12-24 12:12:37.389  INFO 21539 --- [    Test worker] c.t.b.d.n.service.NaverSearchClientTest  : Starting NaverSearchClientTest using Java 17.0.8.1 on osihun-ui-noteubug.local with PID 21539 (started by sihun in /Users/sihun/dev/project/tryworkout/tryworkout-back)
2023-12-24 12:12:37.389  INFO 21539 --- [    Test worker] c.t.b.d.n.service.NaverSearchClientTest  : The following 1 profile is active: "dev"
2023-12-24 12:12:37.769  INFO 21539 --- [    Test worker] .s.d.r.c.RepositoryConfigurationDelegate : Multiple Spring Data modules found, entering strict repository configuration mode
2023-12-24 12:12:37.770  INFO 21539 --- [    Test worker] .s.d.r.c.RepositoryConfigurationDelegate : Bootstrapping Spring Data JPA repositories in DEFAULT mode.
2023-12-24 12:12:37.841  INFO 21539 --- [    Test worker] .RepositoryConfigurationExtensionSupport : Spring Data JPA - Could not safely identify store assignment for repository candidate interface com.tryworkout.backend.redis.RefreshTokenRepository; If you want this repository to be a JPA repository, consider annotating your entities with one of these annotations: javax.persistence.Entity, javax.persistence.MappedSuperclass (preferred), or consider extending one of the following types with your repository: org.springframework.data.jpa.repository.JpaRepository
2023-12-24 12:12:37.848  INFO 21539 --- [    Test worker] .s.d.r.c.RepositoryConfigurationDelegate : Finished Spring Data repository scanning in 75 ms. Found 5 JPA repository interfaces.
2023-12-24 12:12:37.854  INFO 21539 --- [    Test worker] .s.d.r.c.RepositoryConfigurationDelegate : Multiple Spring Data modules found, entering strict repository configuration mode
2023-12-24 12:12:37.854  INFO 21539 --- [    Test worker] .s.d.r.c.RepositoryConfigurationDelegate : Bootstrapping Spring Data Redis repositories in DEFAULT mode.
2023-12-24 12:12:37.863  INFO 21539 --- [    Test worker] .RepositoryConfigurationExtensionSupport : Spring Data Redis - Could not safely identify store assignment for repository candidate interface com.tryworkout.backend.domain.fee.repository.FeeJpaRepository; If you want this repository to be a Redis repository, consider annotating your entities with one of these annotations: org.springframework.data.redis.core.RedisHash (preferred), or consider extending one of the following types with your repository: org.springframework.data.keyvalue.repository.KeyValueRepository
2023-12-24 12:12:37.864  INFO 21539 --- [    Test worker] .RepositoryConfigurationExtensionSupport : Spring Data Redis - Could not safely identify store assignment for repository candidate interface com.tryworkout.backend.domain.gym.repository.GymJpaRepository; If you want this repository to be a Redis repository, consider annotating your entities with one of these annotations: org.springframework.data.redis.core.RedisHash (preferred), or consider extending one of the following types with your repository: org.springframework.data.keyvalue.repository.KeyValueRepository
2023-12-24 12:12:37.864  INFO 21539 --- [    Test worker] .RepositoryConfigurationExtensionSupport : Spring Data Redis - Could not safely identify store assignment for repository candidate interface com.tryworkout.backend.domain.review.repository.ReviewJpaRepository; If you want this repository to be a Redis repository, consider annotating your entities with one of these annotations: org.springframework.data.redis.core.RedisHash (preferred), or consider extending one of the following types with your repository: org.springframework.data.keyvalue.repository.KeyValueRepository
2023-12-24 12:12:37.864  INFO 21539 --- [    Test worker] .RepositoryConfigurationExtensionSupport : Spring Data Redis - Could not safely identify store assignment for repository candidate interface com.tryworkout.backend.domain.trainer.repository.TrainerJpaRepository; If you want this repository to be a Redis repository, consider annotating your entities with one of these annotations: org.springframework.data.redis.core.RedisHash (preferred), or consider extending one of the following types with your repository: org.springframework.data.keyvalue.repository.KeyValueRepository
2023-12-24 12:12:37.865  INFO 21539 --- [    Test worker] .RepositoryConfigurationExtensionSupport : Spring Data Redis - Could not safely identify store assignment for repository candidate interface com.tryworkout.backend.domain.user.repository.UserJpaRepository; If you want this repository to be a Redis repository, consider annotating your entities with one of these annotations: org.springframework.data.redis.core.RedisHash (preferred), or consider extending one of the following types with your repository: org.springframework.data.keyvalue.repository.KeyValueRepository
2023-12-24 12:12:37.869  INFO 21539 --- [    Test worker] .s.d.r.c.RepositoryConfigurationDelegate : Finished Spring Data repository scanning in 11 ms. Found 1 Redis repository interfaces.
2023-12-24 12:12:38.236  INFO 21539 --- [    Test worker] o.hibernate.jpa.internal.util.LogHelper  : HHH000204: Processing PersistenceUnitInfo [name: default]
2023-12-24 12:12:38.259  INFO 21539 --- [    Test worker] org.hibernate.Version                    : HHH000412: Hibernate ORM core version 5.6.15.Final
2023-12-24 12:12:38.329  INFO 21539 --- [    Test worker] o.hibernate.annotations.common.Version   : HCANN000001: Hibernate Commons Annotations {5.1.2.Final}
2023-12-24 12:12:38.369  INFO 21539 --- [    Test worker] com.zaxxer.hikari.HikariDataSource       : HikariPool-1 - Starting...
2023-12-24 12:12:38.453  INFO 21539 --- [    Test worker] com.zaxxer.hikari.HikariDataSource       : HikariPool-1 - Start completed.
2023-12-24 12:12:38.461  INFO 21539 --- [    Test worker] org.hibernate.dialect.Dialect            : HHH000400: Using dialect: org.hibernate.dialect.MySQL5InnoDBDialect
2023-12-24 12:12:38.814  INFO 21539 --- [    Test worker] o.h.e.t.j.p.i.JtaPlatformInitiator       : HHH000490: Using JtaPlatform implementation: [org.hibernate.engine.transaction.jta.platform.internal.NoJtaPlatform]
2023-12-24 12:12:38.818  INFO 21539 --- [    Test worker] j.LocalContainerEntityManagerFactoryBean : Initialized JPA EntityManagerFactory for persistence unit 'default'
2023-12-24 12:12:39.429  INFO 21539 --- [    Test worker] c.t.backend.security.SecurityConfig      : SecurityConfiguration.CustomFilterConfigurer.configure excute
2023-12-24 12:12:39.430  INFO 21539 --- [    Test worker] o.s.s.web.DefaultSecurityFilterChain     : Will secure any request with [org.springframework.security.web.session.DisableEncodeUrlFilter@35129b9e, org.springframework.security.web.context.request.async.WebAsyncManagerIntegrationFilter@2f4bc3ff, org.springframework.security.web.context.SecurityContextPersistenceFilter@5a0b925a, org.springframework.security.web.header.HeaderWriterFilter@372c428, org.springframework.web.filter.CorsFilter@2297c8bf, org.springframework.security.web.authentication.logout.LogoutFilter@683218c8, com.tryworkout.backend.security.jwt.JwtAuthenticationFilter@154fcedd, com.tryworkout.backend.security.jwt.JwtVerificationFilter@34a06981, org.springframework.security.web.savedrequest.RequestCacheAwareFilter@a6fc2e1, org.springframework.security.web.servletapi.SecurityContextHolderAwareRequestFilter@5122387, org.springframework.security.web.authentication.AnonymousAuthenticationFilter@458500d1, org.springframework.security.web.session.SessionManagementFilter@4c364a9d, org.springframework.security.web.access.ExceptionTranslationFilter@29b61bb, org.springframework.security.web.access.intercept.AuthorizationFilter@3a5244a1]
2023-12-24 12:12:39.592  WARN 21539 --- [    Test worker] JpaBaseConfiguration$JpaWebConfiguration : spring.jpa.open-in-view is enabled by default. Therefore, database queries may be performed during view rendering. Explicitly configure spring.jpa.open-in-view to disable this warning
2023-12-24 12:12:40.418  INFO 21539 --- [    Test worker] c.t.b.d.n.service.NaverSearchClientTest  : Started NaverSearchClientTest in 3.188 seconds (JVM running for 3.684)
]]></system-out>
  <system-err><![CDATA[]]></system-err>
</testsuite>
