<?xml version="1.0" encoding="UTF-8"?>
<testsuite name="com.ptfinder.ptfinderback.domain.user.service.UserServiceImplV1Test" tests="1" skipped="0" failures="0" errors="0" timestamp="2023-11-06T12:27:33" hostname="osihun-ui-noteubug.local" time="0.153">
  <properties/>
  <testcase name="getUserByAccountType()" classname="com.ptfinder.ptfinderback.domain.user.service.UserServiceImplV1Test" time="0.153"/>
  <system-out><![CDATA[21:27:30.049 [Test worker] DEBUG org.springframework.test.context.BootstrapUtils - Instantiating CacheAwareContextLoaderDelegate from class [org.springframework.test.context.cache.DefaultCacheAwareContextLoaderDelegate]
21:27:30.054 [Test worker] DEBUG org.springframework.test.context.BootstrapUtils - Instantiating BootstrapContext using constructor [public org.springframework.test.context.support.DefaultBootstrapContext(java.lang.Class,org.springframework.test.context.CacheAwareContextLoaderDelegate)]
21:27:30.067 [Test worker] DEBUG org.springframework.test.context.BootstrapUtils - Instantiating TestContextBootstrapper for test class [com.ptfinder.ptfinderback.domain.user.service.UserServiceImplV1Test] from class [org.springframework.boot.test.context.SpringBootTestContextBootstrapper]
21:27:30.072 [Test worker] INFO org.springframework.boot.test.context.SpringBootTestContextBootstrapper - Neither @ContextConfiguration nor @ContextHierarchy found for test class [com.ptfinder.ptfinderback.domain.user.service.UserServiceImplV1Test], using SpringBootContextLoader
21:27:30.074 [Test worker] DEBUG org.springframework.test.context.support.AbstractContextLoader - Did not detect default resource location for test class [com.ptfinder.ptfinderback.domain.user.service.UserServiceImplV1Test]: class path resource [com/ptfinder/ptfinderback/domain/user/service/UserServiceImplV1Test-context.xml] does not exist
21:27:30.075 [Test worker] DEBUG org.springframework.test.context.support.AbstractContextLoader - Did not detect default resource location for test class [com.ptfinder.ptfinderback.domain.user.service.UserServiceImplV1Test]: class path resource [com/ptfinder/ptfinderback/domain/user/service/UserServiceImplV1TestContext.groovy] does not exist
21:27:30.075 [Test worker] INFO org.springframework.test.context.support.AbstractContextLoader - Could not detect default resource locations for test class [com.ptfinder.ptfinderback.domain.user.service.UserServiceImplV1Test]: no resource found for suffixes {-context.xml, Context.groovy}.
21:27:30.075 [Test worker] INFO org.springframework.test.context.support.AnnotationConfigContextLoaderUtils - Could not detect default configuration classes for test class [com.ptfinder.ptfinderback.domain.user.service.UserServiceImplV1Test]: UserServiceImplV1Test does not declare any static, non-private, non-final, nested classes annotated with @Configuration.
21:27:30.095 [Test worker] DEBUG org.springframework.test.context.support.ActiveProfilesUtils - Could not find an 'annotation declaring class' for annotation type [org.springframework.test.context.ActiveProfiles] and class [com.ptfinder.ptfinderback.domain.user.service.UserServiceImplV1Test]
21:27:30.128 [Test worker] DEBUG org.springframework.context.annotation.ClassPathScanningCandidateComponentProvider - Identified candidate component class: file [/Users/sihun/dev/project/pt-finder/pt-finder-back/build/classes/java/main/com/ptfinder/ptfinderback/SpringSecApplication.class]
21:27:30.128 [Test worker] INFO org.springframework.boot.test.context.SpringBootTestContextBootstrapper - Found @SpringBootConfiguration com.ptfinder.ptfinderback.SpringSecApplication for test class com.ptfinder.ptfinderback.domain.user.service.UserServiceImplV1Test
21:27:30.164 [Test worker] DEBUG org.springframework.boot.test.context.SpringBootTestContextBootstrapper - @TestExecutionListeners is not present for class [com.ptfinder.ptfinderback.domain.user.service.UserServiceImplV1Test]: using defaults.
21:27:30.164 [Test worker] INFO org.springframework.boot.test.context.SpringBootTestContextBootstrapper - Loaded default TestExecutionListener class names from location [META-INF/spring.factories]: [org.springframework.security.test.context.support.WithSecurityContextTestExecutionListener, org.springframework.security.test.context.support.ReactorContextTestExecutionListener, org.springframework.boot.test.autoconfigure.restdocs.RestDocsTestExecutionListener, org.springframework.boot.test.autoconfigure.web.client.MockRestServiceServerResetTestExecutionListener, org.springframework.boot.test.autoconfigure.web.servlet.MockMvcPrintOnlyOnFailureTestExecutionListener, org.springframework.boot.test.autoconfigure.web.servlet.WebDriverTestExecutionListener, org.springframework.boot.test.autoconfigure.webservices.client.MockWebServiceServerTestExecutionListener, org.springframework.boot.test.mock.mockito.MockitoTestExecutionListener, org.springframework.boot.test.mock.mockito.ResetMocksTestExecutionListener, org.springframework.test.context.web.ServletTestExecutionListener, org.springframework.test.context.support.DirtiesContextBeforeModesTestExecutionListener, org.springframework.test.context.event.ApplicationEventsTestExecutionListener, org.springframework.test.context.support.DependencyInjectionTestExecutionListener, org.springframework.test.context.support.DirtiesContextTestExecutionListener, org.springframework.test.context.transaction.TransactionalTestExecutionListener, org.springframework.test.context.jdbc.SqlScriptsTestExecutionListener, org.springframework.test.context.event.EventPublishingTestExecutionListener]
21:27:30.172 [Test worker] INFO org.springframework.boot.test.context.SpringBootTestContextBootstrapper - Using TestExecutionListeners: [org.springframework.test.context.web.ServletTestExecutionListener@631e06ab, org.springframework.test.context.support.DirtiesContextBeforeModesTestExecutionListener@2a3591c5, org.springframework.test.context.event.ApplicationEventsTestExecutionListener@34a75079, org.springframework.boot.test.mock.mockito.MockitoTestExecutionListener@346a361, org.springframework.boot.test.autoconfigure.SpringBootDependencyInjectionTestExecutionListener@107ed6fc, org.springframework.test.context.support.DirtiesContextTestExecutionListener@1643d68f, org.springframework.test.context.transaction.TransactionalTestExecutionListener@186978a6, org.springframework.test.context.jdbc.SqlScriptsTestExecutionListener@2e029d61, org.springframework.security.test.context.support.WithSecurityContextTestExecutionListener@482d776b, org.springframework.test.context.event.EventPublishingTestExecutionListener@4052274f, org.springframework.security.test.context.support.ReactorContextTestExecutionListener@132ddbab, org.springframework.boot.test.autoconfigure.restdocs.RestDocsTestExecutionListener@297ea53a, org.springframework.boot.test.autoconfigure.web.client.MockRestServiceServerResetTestExecutionListener@acb0951, org.springframework.boot.test.autoconfigure.web.servlet.MockMvcPrintOnlyOnFailureTestExecutionListener@5bf22f18, org.springframework.boot.test.autoconfigure.web.servlet.WebDriverTestExecutionListener@267f474e, org.springframework.boot.test.autoconfigure.webservices.client.MockWebServiceServerTestExecutionListener@7a7471ce, org.springframework.boot.test.mock.mockito.ResetMocksTestExecutionListener@28276e50]
21:27:30.173 [Test worker] DEBUG org.springframework.test.context.support.AbstractDirtiesContextTestExecutionListener - Before test class: context [DefaultTestContext@61526469 testClass = UserServiceImplV1Test, testInstance = [null], testMethod = [null], testException = [null], mergedContextConfiguration = [WebMergedContextConfiguration@274872f8 testClass = UserServiceImplV1Test, locations = '{}', classes = '{class com.ptfinder.ptfinderback.SpringSecApplication}', contextInitializerClasses = '[]', activeProfiles = '{}', propertySourceLocations = '{}', propertySourceProperties = '{org.springframework.boot.test.context.SpringBootTestContextBootstrapper=true}', contextCustomizers = set[org.springframework.boot.test.autoconfigure.actuate.metrics.MetricsExportContextCustomizerFactory$DisableMetricExportContextCustomizer@39a2bb97, org.springframework.boot.test.autoconfigure.properties.PropertyMappingContextCustomizer@0, org.springframework.boot.test.autoconfigure.web.servlet.WebDriverContextCustomizerFactory$Customizer@1b955cac, org.springframework.boot.test.context.filter.ExcludeFilterContextCustomizer@32a68f4f, org.springframework.boot.test.json.DuplicateJsonObjectContextCustomizerFactory$DuplicateJsonObjectContextCustomizer@31dadd46, org.springframework.boot.test.mock.mockito.MockitoContextCustomizer@0, org.springframework.boot.test.web.client.TestRestTemplateContextCustomizer@2e1ef60, org.springframework.boot.test.context.SpringBootTestArgs@1, org.springframework.boot.test.context.SpringBootTestWebEnvironment@7671cb68], resourceBasePath = 'src/main/webapp', contextLoader = 'org.springframework.boot.test.context.SpringBootContextLoader', parent = [null]], attributes = map['org.springframework.test.context.web.ServletTestExecutionListener.activateListener' -> true]], class annotated with @DirtiesContext [false] with mode [null].

  .   ____          _            __ _ _
 /\\ / ___'_ __ _ _(_)_ __  __ _ \ \ \ \
( ( )\___ | '_ | '_| | '_ \/ _` | \ \ \ \
 \\/  ___)| |_)| | | | | || (_| |  ) ) ) )
  '  |____| .__|_| |_|_| |_\__, | / / / /
 =========|_|==============|___/=/_/_/_/
 :: Spring Boot ::               (v2.7.12)

2023-11-06 21:27:30.342  INFO 69084 --- [    Test worker] c.p.p.d.u.service.UserServiceImplV1Test  : Starting UserServiceImplV1Test using Java 17.0.8.1 on osihun-ui-noteubug.local with PID 69084 (started by sihun in /Users/sihun/dev/project/pt-finder/pt-finder-back)
2023-11-06 21:27:30.343  INFO 69084 --- [    Test worker] c.p.p.d.u.service.UserServiceImplV1Test  : The following 1 profile is active: "dev"
2023-11-06 21:27:30.728  INFO 69084 --- [    Test worker] .s.d.r.c.RepositoryConfigurationDelegate : Multiple Spring Data modules found, entering strict repository configuration mode
2023-11-06 21:27:30.729  INFO 69084 --- [    Test worker] .s.d.r.c.RepositoryConfigurationDelegate : Bootstrapping Spring Data JPA repositories in DEFAULT mode.
2023-11-06 21:27:30.795  INFO 69084 --- [    Test worker] .RepositoryConfigurationExtensionSupport : Spring Data JPA - Could not safely identify store assignment for repository candidate interface com.ptfinder.ptfinderback.redis.RefreshTokenRepository; If you want this repository to be a JPA repository, consider annotating your entities with one of these annotations: javax.persistence.Entity, javax.persistence.MappedSuperclass (preferred), or consider extending one of the following types with your repository: org.springframework.data.jpa.repository.JpaRepository
2023-11-06 21:27:30.800  INFO 69084 --- [    Test worker] .s.d.r.c.RepositoryConfigurationDelegate : Finished Spring Data repository scanning in 68 ms. Found 1 JPA repository interfaces.
2023-11-06 21:27:30.811  INFO 69084 --- [    Test worker] .s.d.r.c.RepositoryConfigurationDelegate : Multiple Spring Data modules found, entering strict repository configuration mode
2023-11-06 21:27:30.811  INFO 69084 --- [    Test worker] .s.d.r.c.RepositoryConfigurationDelegate : Bootstrapping Spring Data Redis repositories in DEFAULT mode.
2023-11-06 21:27:30.819  INFO 69084 --- [    Test worker] .RepositoryConfigurationExtensionSupport : Spring Data Redis - Could not safely identify store assignment for repository candidate interface com.ptfinder.ptfinderback.domain.user.repository.UserJpaRepository; If you want this repository to be a Redis repository, consider annotating your entities with one of these annotations: org.springframework.data.redis.core.RedisHash (preferred), or consider extending one of the following types with your repository: org.springframework.data.keyvalue.repository.KeyValueRepository
2023-11-06 21:27:30.821  INFO 69084 --- [    Test worker] .s.d.r.c.RepositoryConfigurationDelegate : Finished Spring Data repository scanning in 6 ms. Found 1 Redis repository interfaces.
2023-11-06 21:27:31.113  INFO 69084 --- [    Test worker] o.hibernate.jpa.internal.util.LogHelper  : HHH000204: Processing PersistenceUnitInfo [name: default]
2023-11-06 21:27:31.138  INFO 69084 --- [    Test worker] org.hibernate.Version                    : HHH000412: Hibernate ORM core version 5.6.15.Final
2023-11-06 21:27:31.217  INFO 69084 --- [    Test worker] o.hibernate.annotations.common.Version   : HCANN000001: Hibernate Commons Annotations {5.1.2.Final}
2023-11-06 21:27:31.263  INFO 69084 --- [    Test worker] com.zaxxer.hikari.HikariDataSource       : HikariPool-1 - Starting...
2023-11-06 21:27:31.360  INFO 69084 --- [    Test worker] com.zaxxer.hikari.HikariDataSource       : HikariPool-1 - Start completed.
2023-11-06 21:27:31.368  INFO 69084 --- [    Test worker] org.hibernate.dialect.Dialect            : HHH000400: Using dialect: org.hibernate.dialect.MySQL5InnoDBDialect
2023-11-06 21:27:31.699  INFO 69084 --- [    Test worker] o.h.e.t.j.p.i.JtaPlatformInitiator       : HHH000490: Using JtaPlatform implementation: [org.hibernate.engine.transaction.jta.platform.internal.NoJtaPlatform]
2023-11-06 21:27:31.703  INFO 69084 --- [    Test worker] j.LocalContainerEntityManagerFactoryBean : Initialized JPA EntityManagerFactory for persistence unit 'default'
2023-11-06 21:27:32.183  INFO 69084 --- [    Test worker] c.p.p.security.SecurityConfig            : SecurityConfiguration.CustomFilterConfigurer.configure excute
2023-11-06 21:27:32.184  INFO 69084 --- [    Test worker] o.s.s.web.DefaultSecurityFilterChain     : Will secure any request with [org.springframework.security.web.session.DisableEncodeUrlFilter@13288174, org.springframework.security.web.context.request.async.WebAsyncManagerIntegrationFilter@24ae2183, org.springframework.security.web.context.SecurityContextPersistenceFilter@14f254f, org.springframework.security.web.header.HeaderWriterFilter@7364073b, org.springframework.web.filter.CorsFilter@5b697993, org.springframework.security.web.authentication.logout.LogoutFilter@76ccde41, com.ptfinder.ptfinderback.security.jwt.JwtAuthenticationFilter@7ffb0bb4, com.ptfinder.ptfinderback.security.jwt.JwtVerificationFilter@280f061e, org.springframework.security.web.savedrequest.RequestCacheAwareFilter@785477e5, org.springframework.security.web.servletapi.SecurityContextHolderAwareRequestFilter@6421bc7e, org.springframework.security.web.authentication.AnonymousAuthenticationFilter@7d7888a5, org.springframework.security.web.session.SessionManagementFilter@53fb3e1b, org.springframework.security.web.access.ExceptionTranslationFilter@5c7b504, org.springframework.security.web.access.intercept.AuthorizationFilter@2ec258f1]
2023-11-06 21:27:32.340  WARN 69084 --- [    Test worker] JpaBaseConfiguration$JpaWebConfiguration : spring.jpa.open-in-view is enabled by default. Therefore, database queries may be performed during view rendering. Explicitly configure spring.jpa.open-in-view to disable this warning
2023-11-06 21:27:33.072  INFO 69084 --- [    Test worker] c.p.p.d.u.service.UserServiceImplV1Test  : Started UserServiceImplV1Test in 2.883 seconds (JVM running for 3.383)
2023-11-06 21:27:33.222 DEBUG 69084 --- [    Test worker] org.hibernate.SQL                        : 
    select
        userentity0_.user_id as user_id1_0_,
        userentity0_.access_token as access_t2_0_,
        userentity0_.account_type as account_3_0_,
        userentity0_.created_at as created_4_0_,
        userentity0_.email as email5_0_,
        userentity0_.password as password6_0_,
        userentity0_.refresh_token as refresh_7_0_,
        userentity0_.updated_at as updated_8_0_,
        userentity0_.role as role9_0_,
        userentity0_.username as usernam10_0_ 
    from
        user userentity0_ 
    where
        userentity0_.email=? 
        and userentity0_.account_type=?
null
]]></system-out>
  <system-err><![CDATA[]]></system-err>
</testsuite>
